<?xml version="1.0" encoding="UTF-8"?>
<!-- Generated by org.testng.reporters.JUnitReportReporter -->
<testsuite hostname="Raunaks-MacBook-Pro.local" failures="0" tests="1" name="RestAssuredApi.FirstTest" time="3.859" errors="0" timestamp="2022-07-08T17:01:01 IST" skipped="0">
  <testcase classname="RestAssuredApi.FirstTest" name="getResponseBody" time="3.859"/>
  <system-out/>
</testsuite> <!-- RestAssuredApi.FirstTest -->
